<?xml version="1.0" encoding="UTF-8"?>
<!-- Generated by org.testng.reporters.JUnitXMLReporter -->
<testsuite ignored="4" hostname="DESKTOP-2OJ8H0G" failures="0" tests="0" time="0.028" errors="0" timestamp="2024-07-16T18:15:13 EDT">
  <testcase classname="facebookBase.LoginTest" name="validloginTest" time="0.0">
    <ignored/>
  </testcase> <!-- validloginTest -->
  <testcase classname="facebookBase.LinkTests" name="messengerLinkTest" time="0.0">
    <ignored/>
  </testcase> <!-- messengerLinkTest -->
  <testcase classname="facebookBase.LoginTest" name="invalidloginTest" time="0.0">
    <ignored/>
  </testcase> <!-- invalidloginTest -->
  <testcase classname="facebookBase.LinkTests" name="espanolLinkTest" time="0.0">
    <ignored/>
  </testcase> <!-- espanolLinkTest -->
</testsuite>
