<?xml version="1.0" encoding="UTF-8"?>
<!-- Generated by org.testng.reporters.JUnitXMLReporter -->
<testsuite ignored="0" hostname="DESKTOP-2OJ8H0G" failures="0" tests="12" name="Regression Test" time="78.334" errors="0" timestamp="2024-07-16T18:16:47 EDT">
  <testcase classname="facebookBase.LoginTest" name="validloginTest" time="8.785"/>
  <testcase classname="facebookBase.LoginTest" name="invalidloginTest" time="1.656"/>
  <testcase classname="webDriverCommand.FacebookUrlAndTitleTest2" name="titleTest" time="0.013"/>
  <testcase classname="webDriverCommand.FacebookUrlAndTitleTest2" name="urlTest" time="0.015"/>
  <testcase classname="webDriverCommand.FacebookUrlAndTitleTest" name="titleTest" time="0.014"/>
  <testcase classname="webDriverCommand.FacebookUrlAndTitleTest" name="urlTest" time="0.018"/>
  <testcase classname="facebookBase.LinkTests" name="messengerLinkTest" time="2.347"/>
  <testcase classname="facebookBase.LinkTests" name="espanolLinkTest" time="1.402"/>
  <testcase classname="facebookLogin.LoginTest" name="validLoginTest" time="1.594"/>
  <testcase classname="webDriverCommand.HowToOpenBrowserAndApplication" name="openApplicationWithChrome" time="3.99"/>
  <testcase classname="webDriverCommand.HowToOpenBrowserAndApplication" name="openApplicationWithEdge" time="9.076"/>
  <testcase classname="webDriverCommand.HowToOpenBrowserAndApplication" name="openApplicationWithFirefox" time="12.589"/>
</testsuite> <!-- Regression Test -->
