<?xml version="1.0" encoding="UTF-8"?>
<testng-results ignored="0" total="1" passed="1" failed="0" skipped="0">
  <reporter-output>
  </reporter-output>
  <suite started-at="2024-08-04T12:40:51 EDT" name="Default suite" finished-at="2024-08-04T12:41:08 EDT" duration-ms="16912">
    <groups>
    </groups>
    <test started-at="2024-08-04T12:40:51 EDT" name="Default test" finished-at="2024-08-04T12:41:08 EDT" duration-ms="16912">
      <class name="facebookBase.LoginTestWithMultipleBrowser">
        <test-method is-config="true" signature="openTest()[pri:0, instance:facebookBase.LoginTestWithMultipleBrowser@1ed6388a]" started-at="2024-08-04T12:40:52 EDT" name="openTest" finished-at="2024-08-04T12:40:58 EDT" duration-ms="6164" status="PASS">
          <reporter-output>
          </reporter-output>
        </test-method> <!-- openTest -->
        <test-method signature="loginTest()[pri:0, instance:facebookBase.LoginTestWithMultipleBrowser@1ed6388a]" started-at="2024-08-04T12:40:58 EDT" name="loginTest" finished-at="2024-08-04T12:41:08 EDT" duration-ms="10053" status="PASS">
          <reporter-output>
          </reporter-output>
        </test-method> <!-- loginTest -->
        <test-method is-config="true" signature="closeTest()[pri:0, instance:facebookBase.LoginTestWithMultipleBrowser@1ed6388a]" started-at="2024-08-04T12:41:08 EDT" name="closeTest" finished-at="2024-08-04T12:41:08 EDT" duration-ms="576" status="PASS">
          <reporter-output>
          </reporter-output>
        </test-method> <!-- closeTest -->
      </class> <!-- facebookBase.LoginTestWithMultipleBrowser -->
    </test> <!-- Default test -->
  </suite> <!-- Default suite -->
</testng-results>
